<?xml version="1.0" encoding="UTF-8"?>
<testsuite xmlns:xsi="http://www.w3.org/2001/XMLSchema-instance" xsi:noNamespaceSchemaLocation="https://maven.apache.org/surefire/maven-surefire-plugin/xsd/surefire-test-report-3.0.xsd" version="3.0" name="com.sapient.TestMathService" time="0.074" tests="7" errors="0" skipped="0" failures="0">
  <properties>
[...]
</properties>
  <testcase name="testPrime" classname="com.sapient.TestMathService" time="0.038"/>
  <testcase name="testFibonacci" classname="com.sapient.TestMathService" time="0.001"/>
  <testcase name="testprimeArray" classname="com.sapient.TestMathService" time="0.002"/>
  <testcase name="testfactorial" classname="com.sapient.TestMathService" time="0.001"/>
  <testcase name="testPrime1" classname="com.sapient.TestMathService" time="0.001"/>
  <testcase name="testPrime2" classname="com.sapient.TestMathService" time="0"/>
  <testcase name="testFibonacci1" classname="com.sapient.TestMathService" time="0.001"/>
</testsuite>